0 info it worked if it ends with ok
1 verbose cli [ '/usr/local/Cellar/node/7.1.0/bin/node',
1 verbose cli   '/usr/local/bin/npm',
1 verbose cli   'publish' ]
2 info using npm@3.10.9
3 info using node@v7.1.0
4 verbose publish [ '.' ]
5 silly cache add args [ '.', null ]
6 verbose cache add spec .
7 silly cache add parsed spec Result {
7 silly cache add   raw: '.',
7 silly cache add   scope: null,
7 silly cache add   escapedName: null,
7 silly cache add   name: null,
7 silly cache add   rawSpec: '.',
7 silly cache add   spec: '/Users/ghill/Documents/itemSense/code/is-tool',
7 silly cache add   type: 'directory' }
8 verbose addLocalDirectory /Users/ghill/.npm/impinj-is-tool/0.2.0/package.tgz not in flight; packing
9 verbose correctMkdir /Users/ghill/.npm correctMkdir not in flight; initializing
10 info lifecycle impinj-is-tool@0.2.0~prepublish: impinj-is-tool@0.2.0
11 silly lifecycle impinj-is-tool@0.2.0~prepublish: no script for prepublish, continuing
12 verbose tar pack [ '/Users/ghill/.npm/impinj-is-tool/0.2.0/package.tgz',
12 verbose tar pack   '/Users/ghill/Documents/itemSense/code/is-tool' ]
13 verbose tarball /Users/ghill/.npm/impinj-is-tool/0.2.0/package.tgz
14 verbose folder /Users/ghill/Documents/itemSense/code/is-tool
15 verbose addLocalTarball adding from inside cache /Users/ghill/.npm/impinj-is-tool/0.2.0/package.tgz
16 verbose correctMkdir /Users/ghill/.npm correctMkdir not in flight; initializing
17 silly cache afterAdd impinj-is-tool@0.2.0
18 verbose afterAdd /Users/ghill/.npm/impinj-is-tool/0.2.0/package/package.json not in flight; writing
19 verbose correctMkdir /Users/ghill/.npm correctMkdir not in flight; initializing
20 verbose afterAdd /Users/ghill/.npm/impinj-is-tool/0.2.0/package/package.json written
21 silly publish { name: 'impinj-is-tool',
21 silly publish   version: '0.2.0',
21 silly publish   description: 'Load and Save ItemSense configuration',
21 silly publish   main: 'is-tool',
21 silly publish   scripts: { test: 'echo "Error: no test specified" && exit 1' },
21 silly publish   author: '',
21 silly publish   license: 'ISC',
21 silly publish   bin: { 'is-tool': './bin/is-tool.js' },
21 silly publish   dependencies: { async: '^2.1.1', commander: '^2.9.0', request: '^2.75.0' },
21 silly publish   gitHead: '352884446fe6c26214d68675447216922b6627db',
21 silly publish   readme: 'ERROR: No README data found!',
21 silly publish   _id: 'impinj-is-tool@0.2.0',
21 silly publish   _shasum: '1e534adcee9fc089dbc9727914df0d5bb1aa2d00',
21 silly publish   _from: '.' }
22 verbose getPublishConfig undefined
23 silly mapToRegistry name impinj-is-tool
24 silly mapToRegistry using default registry
25 silly mapToRegistry registry https://registry.npmjs.org/
26 silly mapToRegistry data Result {
26 silly mapToRegistry   raw: 'impinj-is-tool',
26 silly mapToRegistry   scope: null,
26 silly mapToRegistry   escapedName: 'impinj-is-tool',
26 silly mapToRegistry   name: 'impinj-is-tool',
26 silly mapToRegistry   rawSpec: '',
26 silly mapToRegistry   spec: 'latest',
26 silly mapToRegistry   type: 'tag' }
27 silly mapToRegistry uri https://registry.npmjs.org/impinj-is-tool
28 verbose publish registryBase https://registry.npmjs.org/
29 silly publish uploading /Users/ghill/.npm/impinj-is-tool/0.2.0/package.tgz
30 verbose request uri https://registry.npmjs.org/impinj-is-tool
31 verbose request sending authorization for write operation
32 info attempt registry request try #1 at 11:14:29 AM
33 verbose request using bearer token for auth
34 verbose request id 0cf3d3b7186eea59
35 http request PUT https://registry.npmjs.org/impinj-is-tool
36 http 403 https://registry.npmjs.org/impinj-is-tool
37 verbose headers { 'content-type': 'application/json',
37 verbose headers   'cache-control': 'max-age=300',
37 verbose headers   'content-length': '95',
37 verbose headers   'accept-ranges': 'bytes',
37 verbose headers   date: 'Wed, 11 Jan 2017 19:14:30 GMT',
37 verbose headers   via: '1.1 varnish',
37 verbose headers   connection: 'keep-alive',
37 verbose headers   'x-served-by': 'cache-sea1925-SEA',
37 verbose headers   'x-cache': 'MISS',
37 verbose headers   'x-cache-hits': '0',
37 verbose headers   'x-timer': 'S1484162070.006757,VS0,VE85',
37 verbose headers   vary: 'Accept-Encoding' }
38 verbose request invalidating /Users/ghill/.npm/registry.npmjs.org/impinj-is-tool on PUT
39 error publish Failed PUT 403
40 verbose stack Error: "You cannot publish over the previously published version 0.2.0." : impinj-is-tool
40 verbose stack     at makeError (/usr/local/lib/node_modules/npm/node_modules/npm-registry-client/lib/request.js:302:12)
40 verbose stack     at CachingRegistryClient.<anonymous> (/usr/local/lib/node_modules/npm/node_modules/npm-registry-client/lib/request.js:290:14)
40 verbose stack     at Request._callback (/usr/local/lib/node_modules/npm/node_modules/npm-registry-client/lib/request.js:210:14)
40 verbose stack     at Request.self.callback (/usr/local/lib/node_modules/npm/node_modules/request/request.js:187:22)
40 verbose stack     at emitTwo (events.js:106:13)
40 verbose stack     at Request.emit (events.js:191:7)
40 verbose stack     at Request.<anonymous> (/usr/local/lib/node_modules/npm/node_modules/request/request.js:1048:10)
40 verbose stack     at emitOne (events.js:96:13)
40 verbose stack     at Request.emit (events.js:188:7)
40 verbose stack     at IncomingMessage.<anonymous> (/usr/local/lib/node_modules/npm/node_modules/request/request.js:969:12)
41 verbose statusCode 403
42 verbose pkgid impinj-is-tool
43 verbose cwd /Users/ghill/Documents/itemSense/code/is-tool
44 error Darwin 15.6.0
45 error argv "/usr/local/Cellar/node/7.1.0/bin/node" "/usr/local/bin/npm" "publish"
46 error node v7.1.0
47 error npm  v3.10.9
48 error code E403
49 error "You cannot publish over the previously published version 0.2.0." : impinj-is-tool
50 error If you need help, you may report this error at:
50 error     <https://github.com/npm/npm/issues>
51 verbose exit [ 1, true ]
